<?xml version="1.0" encoding="UTF-8"?>
<!-- Generated by org.testng.reporters.JUnitXMLReporter -->
<testsuite ignored="0" hostname="DANNA" failures="0" tests="4" name="Test" time="0.066" errors="0" timestamp="2022-01-18T18:38:33 EST">
  <testcase classname="tests.Maven.SeleniumTest" name="getUI" time="0.007"/>
  <testcase classname="tests.Maven.SeleniumTest" name="postUI" time="0.001"/>
  <testcase classname="tests.Maven.RestApiTest" name="getAPI" time="0.0"/>
  <testcase classname="tests.Maven.RestApiTest" name="postAPI" time="0.0"/>
</testsuite> <!-- Test -->
