<?xml version="1.0" encoding="UTF-8"?>
<testsuite xmlns:xsi="http://www.w3.org/2001/XMLSchema-instance" xsi:noNamespaceSchemaLocation="https://maven.apache.org/surefire/maven-surefire-plugin/xsd/surefire-test-report-3.0.xsd" version="3.0" name="tests.Maven.AppiumTest" time="0.425" tests="2" errors="0" skipped="0" failures="0">
  <properties>
[...]
</properties>
  <testcase name="getAppium" classname="tests.Maven.AppiumTest" time="0.005">
    <system-out><![CDATA[getAppium
]]></system-out>
  </testcase>
  <testcase name="postAppium" classname="tests.Maven.AppiumTest" time="0.001">
    <system-out><![CDATA[postAppium
]]></system-out>
  </testcase>
</testsuite>