<?xml version="1.0" encoding="UTF-8"?>
<testng-results ignored="0" total="4" passed="4" failed="0" skipped="0">
  <reporter-output>
  </reporter-output>
  <suite started-at="2022-01-18T18:38:33 EST" name="Suite" finished-at="2022-01-18T18:38:33 EST" duration-ms="66">
    <groups>
    </groups>
    <test started-at="2022-01-18T18:38:33 EST" name="Test" finished-at="2022-01-18T18:38:33 EST" duration-ms="66">
      <class name="tests.Maven.SeleniumTest">
        <test-method signature="getUI()[pri:0, instance:tests.Maven.SeleniumTest@a3d8174]" started-at="2022-01-18T18:38:33 EST" name="getUI" finished-at="2022-01-18T18:38:33 EST" duration-ms="7" status="PASS">
          <reporter-output>
          </reporter-output>
        </test-method> <!-- getUI -->
        <test-method signature="postUI()[pri:0, instance:tests.Maven.SeleniumTest@a3d8174]" started-at="2022-01-18T18:38:33 EST" name="postUI" finished-at="2022-01-18T18:38:33 EST" duration-ms="1" status="PASS">
          <reporter-output>
          </reporter-output>
        </test-method> <!-- postUI -->
      </class> <!-- tests.Maven.SeleniumTest -->
      <class name="tests.Maven.RestApiTest">
        <test-method signature="getAPI()[pri:0, instance:tests.Maven.RestApiTest@15bbf42f]" started-at="2022-01-18T18:38:33 EST" name="getAPI" finished-at="2022-01-18T18:38:33 EST" duration-ms="0" status="PASS">
          <reporter-output>
          </reporter-output>
        </test-method> <!-- getAPI -->
        <test-method signature="postAPI()[pri:0, instance:tests.Maven.RestApiTest@15bbf42f]" started-at="2022-01-18T18:38:33 EST" name="postAPI" finished-at="2022-01-18T18:38:33 EST" duration-ms="0" status="PASS">
          <reporter-output>
          </reporter-output>
        </test-method> <!-- postAPI -->
      </class> <!-- tests.Maven.RestApiTest -->
    </test> <!-- Test -->
  </suite> <!-- Suite -->
</testng-results>
